[2025-08-21 01:22:18] local.ERROR: There are no commands defined in the "octane" namespace. {"exception":"[object] (Symfony\\Component\\Console\\Exception\\NamespaceNotFoundException(code: 0): There are no commands defined in the \"octane\" namespace. at /var/www/vendor/symfony/console/Application.php:669)
[stacktrace]
#0 /var/www/vendor/symfony/console/Application.php(720): Symfony\\Component\\Console\\Application->findNamespace('octane')
#1 /var/www/vendor/symfony/console/Application.php(266): Symfony\\Component\\Console\\Application->find('octane:start')
#2 /var/www/vendor/symfony/console/Application.php(175): Symfony\\Component\\Console\\Application->doRun(Object(Symfony\\Component\\Console\\Input\\ArgvInput), Object(Symfony\\Component\\Console\\Output\\ConsoleOutput))
#3 /var/www/vendor/laravel/framework/src/Illuminate/Foundation/Console/Kernel.php(201): Symfony\\Component\\Console\\Application->run(Object(Symfony\\Component\\Console\\Input\\ArgvInput), Object(Symfony\\Component\\Console\\Output\\ConsoleOutput))
#4 /var/www/artisan(35): Illuminate\\Foundation\\Console\\Kernel->handle(Object(Symfony\\Component\\Console\\Input\\ArgvInput), Object(Symfony\\Component\\Console\\Output\\ConsoleOutput))
#5 {main}
"} 
[2025-08-21 01:22:24] local.ERROR: There are no commands defined in the "octane" namespace. {"exception":"[object] (Symfony\\Component\\Console\\Exception\\NamespaceNotFoundException(code: 0): There are no commands defined in the \"octane\" namespace. at /var/www/vendor/symfony/console/Application.php:669)
[stacktrace]
#0 /var/www/vendor/symfony/console/Application.php(720): Symfony\\Component\\Console\\Application->findNamespace('octane')
#1 /var/www/vendor/symfony/console/Application.php(266): Symfony\\Component\\Console\\Application->find('octane:start')
#2 /var/www/vendor/symfony/console/Application.php(175): Symfony\\Component\\Console\\Application->doRun(Object(Symfony\\Component\\Console\\Input\\ArgvInput), Object(Symfony\\Component\\Console\\Output\\ConsoleOutput))
#3 /var/www/vendor/laravel/framework/src/Illuminate/Foundation/Console/Kernel.php(201): Symfony\\Component\\Console\\Application->run(Object(Symfony\\Component\\Console\\Input\\ArgvInput), Object(Symfony\\Component\\Console\\Output\\ConsoleOutput))
#4 /var/www/artisan(35): Illuminate\\Foundation\\Console\\Kernel->handle(Object(Symfony\\Component\\Console\\Input\\ArgvInput), Object(Symfony\\Component\\Console\\Output\\ConsoleOutput))
#5 {main}
"} 
[2025-08-21 01:22:30] local.ERROR: There are no commands defined in the "octane" namespace. {"exception":"[object] (Symfony\\Component\\Console\\Exception\\NamespaceNotFoundException(code: 0): There are no commands defined in the \"octane\" namespace. at /var/www/vendor/symfony/console/Application.php:669)
[stacktrace]
#0 /var/www/vendor/symfony/console/Application.php(720): Symfony\\Component\\Console\\Application->findNamespace('octane')
#1 /var/www/vendor/symfony/console/Application.php(266): Symfony\\Component\\Console\\Application->find('octane:start')
#2 /var/www/vendor/symfony/console/Application.php(175): Symfony\\Component\\Console\\Application->doRun(Object(Symfony\\Component\\Console\\Input\\ArgvInput), Object(Symfony\\Component\\Console\\Output\\ConsoleOutput))
#3 /var/www/vendor/laravel/framework/src/Illuminate/Foundation/Console/Kernel.php(201): Symfony\\Component\\Console\\Application->run(Object(Symfony\\Component\\Console\\Input\\ArgvInput), Object(Symfony\\Component\\Console\\Output\\ConsoleOutput))
#4 /var/www/artisan(35): Illuminate\\Foundation\\Console\\Kernel->handle(Object(Symfony\\Component\\Console\\Input\\ArgvInput), Object(Symfony\\Component\\Console\\Output\\ConsoleOutput))
#5 {main}
"} 
[2025-08-21 01:22:36] local.ERROR: There are no commands defined in the "octane" namespace. {"exception":"[object] (Symfony\\Component\\Console\\Exception\\NamespaceNotFoundException(code: 0): There are no commands defined in the \"octane\" namespace. at /var/www/vendor/symfony/console/Application.php:669)
[stacktrace]
#0 /var/www/vendor/symfony/console/Application.php(720): Symfony\\Component\\Console\\Application->findNamespace('octane')
#1 /var/www/vendor/symfony/console/Application.php(266): Symfony\\Component\\Console\\Application->find('octane:start')
#2 /var/www/vendor/symfony/console/Application.php(175): Symfony\\Component\\Console\\Application->doRun(Object(Symfony\\Component\\Console\\Input\\ArgvInput), Object(Symfony\\Component\\Console\\Output\\ConsoleOutput))
#3 /var/www/vendor/laravel/framework/src/Illuminate/Foundation/Console/Kernel.php(201): Symfony\\Component\\Console\\Application->run(Object(Symfony\\Component\\Console\\Input\\ArgvInput), Object(Symfony\\Component\\Console\\Output\\ConsoleOutput))
#4 /var/www/artisan(35): Illuminate\\Foundation\\Console\\Kernel->handle(Object(Symfony\\Component\\Console\\Input\\ArgvInput), Object(Symfony\\Component\\Console\\Output\\ConsoleOutput))
#5 {main}
"} 
[2025-08-21 01:22:43] local.ERROR: There are no commands defined in the "octane" namespace. {"exception":"[object] (Symfony\\Component\\Console\\Exception\\NamespaceNotFoundException(code: 0): There are no commands defined in the \"octane\" namespace. at /var/www/vendor/symfony/console/Application.php:669)
[stacktrace]
#0 /var/www/vendor/symfony/console/Application.php(720): Symfony\\Component\\Console\\Application->findNamespace('octane')
#1 /var/www/vendor/symfony/console/Application.php(266): Symfony\\Component\\Console\\Application->find('octane:start')
#2 /var/www/vendor/symfony/console/Application.php(175): Symfony\\Component\\Console\\Application->doRun(Object(Symfony\\Component\\Console\\Input\\ArgvInput), Object(Symfony\\Component\\Console\\Output\\ConsoleOutput))
#3 /var/www/vendor/laravel/framework/src/Illuminate/Foundation/Console/Kernel.php(201): Symfony\\Component\\Console\\Application->run(Object(Symfony\\Component\\Console\\Input\\ArgvInput), Object(Symfony\\Component\\Console\\Output\\ConsoleOutput))
#4 /var/www/artisan(35): Illuminate\\Foundation\\Console\\Kernel->handle(Object(Symfony\\Component\\Console\\Input\\ArgvInput), Object(Symfony\\Component\\Console\\Output\\ConsoleOutput))
#5 {main}
"} 
[2025-08-21 01:22:51] local.ERROR: There are no commands defined in the "octane" namespace. {"exception":"[object] (Symfony\\Component\\Console\\Exception\\NamespaceNotFoundException(code: 0): There are no commands defined in the \"octane\" namespace. at /var/www/vendor/symfony/console/Application.php:669)
[stacktrace]
#0 /var/www/vendor/symfony/console/Application.php(720): Symfony\\Component\\Console\\Application->findNamespace('octane')
#1 /var/www/vendor/symfony/console/Application.php(266): Symfony\\Component\\Console\\Application->find('octane:start')
#2 /var/www/vendor/symfony/console/Application.php(175): Symfony\\Component\\Console\\Application->doRun(Object(Symfony\\Component\\Console\\Input\\ArgvInput), Object(Symfony\\Component\\Console\\Output\\ConsoleOutput))
#3 /var/www/vendor/laravel/framework/src/Illuminate/Foundation/Console/Kernel.php(201): Symfony\\Component\\Console\\Application->run(Object(Symfony\\Component\\Console\\Input\\ArgvInput), Object(Symfony\\Component\\Console\\Output\\ConsoleOutput))
#4 /var/www/artisan(35): Illuminate\\Foundation\\Console\\Kernel->handle(Object(Symfony\\Component\\Console\\Input\\ArgvInput), Object(Symfony\\Component\\Console\\Output\\ConsoleOutput))
#5 {main}
"} 
[2025-08-21 01:22:56] local.ERROR: There are no commands defined in the "octane" namespace. {"exception":"[object] (Symfony\\Component\\Console\\Exception\\NamespaceNotFoundException(code: 0): There are no commands defined in the \"octane\" namespace. at /var/www/vendor/symfony/console/Application.php:669)
[stacktrace]
#0 /var/www/vendor/symfony/console/Application.php(720): Symfony\\Component\\Console\\Application->findNamespace('octane')
#1 /var/www/vendor/symfony/console/Application.php(266): Symfony\\Component\\Console\\Application->find('octane:start')
#2 /var/www/vendor/symfony/console/Application.php(175): Symfony\\Component\\Console\\Application->doRun(Object(Symfony\\Component\\Console\\Input\\ArgvInput), Object(Symfony\\Component\\Console\\Output\\ConsoleOutput))
#3 /var/www/vendor/laravel/framework/src/Illuminate/Foundation/Console/Kernel.php(201): Symfony\\Component\\Console\\Application->run(Object(Symfony\\Component\\Console\\Input\\ArgvInput), Object(Symfony\\Component\\Console\\Output\\ConsoleOutput))
#4 /var/www/artisan(35): Illuminate\\Foundation\\Console\\Kernel->handle(Object(Symfony\\Component\\Console\\Input\\ArgvInput), Object(Symfony\\Component\\Console\\Output\\ConsoleOutput))
#5 {main}
"} 
[2025-08-21 01:23:01] local.ERROR: There are no commands defined in the "octane" namespace. {"exception":"[object] (Symfony\\Component\\Console\\Exception\\NamespaceNotFoundException(code: 0): There are no commands defined in the \"octane\" namespace. at /var/www/vendor/symfony/console/Application.php:669)
[stacktrace]
#0 /var/www/vendor/symfony/console/Application.php(720): Symfony\\Component\\Console\\Application->findNamespace('octane')
#1 /var/www/vendor/symfony/console/Application.php(266): Symfony\\Component\\Console\\Application->find('octane:start')
#2 /var/www/vendor/symfony/console/Application.php(175): Symfony\\Component\\Console\\Application->doRun(Object(Symfony\\Component\\Console\\Input\\ArgvInput), Object(Symfony\\Component\\Console\\Output\\ConsoleOutput))
#3 /var/www/vendor/laravel/framework/src/Illuminate/Foundation/Console/Kernel.php(201): Symfony\\Component\\Console\\Application->run(Object(Symfony\\Component\\Console\\Input\\ArgvInput), Object(Symfony\\Component\\Console\\Output\\ConsoleOutput))
#4 /var/www/artisan(35): Illuminate\\Foundation\\Console\\Kernel->handle(Object(Symfony\\Component\\Console\\Input\\ArgvInput), Object(Symfony\\Component\\Console\\Output\\ConsoleOutput))
#5 {main}
"} 
[2025-08-21 01:23:06] local.ERROR: There are no commands defined in the "octane" namespace. {"exception":"[object] (Symfony\\Component\\Console\\Exception\\NamespaceNotFoundException(code: 0): There are no commands defined in the \"octane\" namespace. at /var/www/vendor/symfony/console/Application.php:669)
[stacktrace]
#0 /var/www/vendor/symfony/console/Application.php(720): Symfony\\Component\\Console\\Application->findNamespace('octane')
#1 /var/www/vendor/symfony/console/Application.php(266): Symfony\\Component\\Console\\Application->find('octane:start')
#2 /var/www/vendor/symfony/console/Application.php(175): Symfony\\Component\\Console\\Application->doRun(Object(Symfony\\Component\\Console\\Input\\ArgvInput), Object(Symfony\\Component\\Console\\Output\\ConsoleOutput))
#3 /var/www/vendor/laravel/framework/src/Illuminate/Foundation/Console/Kernel.php(201): Symfony\\Component\\Console\\Application->run(Object(Symfony\\Component\\Console\\Input\\ArgvInput), Object(Symfony\\Component\\Console\\Output\\ConsoleOutput))
#4 /var/www/artisan(35): Illuminate\\Foundation\\Console\\Kernel->handle(Object(Symfony\\Component\\Console\\Input\\ArgvInput), Object(Symfony\\Component\\Console\\Output\\ConsoleOutput))
#5 {main}
"} 
[2025-08-21 01:23:12] local.ERROR: There are no commands defined in the "octane" namespace. {"exception":"[object] (Symfony\\Component\\Console\\Exception\\NamespaceNotFoundException(code: 0): There are no commands defined in the \"octane\" namespace. at /var/www/vendor/symfony/console/Application.php:669)
[stacktrace]
#0 /var/www/vendor/symfony/console/Application.php(720): Symfony\\Component\\Console\\Application->findNamespace('octane')
#1 /var/www/vendor/symfony/console/Application.php(266): Symfony\\Component\\Console\\Application->find('octane:start')
#2 /var/www/vendor/symfony/console/Application.php(175): Symfony\\Component\\Console\\Application->doRun(Object(Symfony\\Component\\Console\\Input\\ArgvInput), Object(Symfony\\Component\\Console\\Output\\ConsoleOutput))
#3 /var/www/vendor/laravel/framework/src/Illuminate/Foundation/Console/Kernel.php(201): Symfony\\Component\\Console\\Application->run(Object(Symfony\\Component\\Console\\Input\\ArgvInput), Object(Symfony\\Component\\Console\\Output\\ConsoleOutput))
#4 /var/www/artisan(35): Illuminate\\Foundation\\Console\\Kernel->handle(Object(Symfony\\Component\\Console\\Input\\ArgvInput), Object(Symfony\\Component\\Console\\Output\\ConsoleOutput))
#5 {main}
"} 
[2025-08-21 01:23:17] local.ERROR: There are no commands defined in the "octane" namespace. {"exception":"[object] (Symfony\\Component\\Console\\Exception\\NamespaceNotFoundException(code: 0): There are no commands defined in the \"octane\" namespace. at /var/www/vendor/symfony/console/Application.php:669)
[stacktrace]
#0 /var/www/vendor/symfony/console/Application.php(720): Symfony\\Component\\Console\\Application->findNamespace('octane')
#1 /var/www/vendor/symfony/console/Application.php(266): Symfony\\Component\\Console\\Application->find('octane:start')
#2 /var/www/vendor/symfony/console/Application.php(175): Symfony\\Component\\Console\\Application->doRun(Object(Symfony\\Component\\Console\\Input\\ArgvInput), Object(Symfony\\Component\\Console\\Output\\ConsoleOutput))
#3 /var/www/vendor/laravel/framework/src/Illuminate/Foundation/Console/Kernel.php(201): Symfony\\Component\\Console\\Application->run(Object(Symfony\\Component\\Console\\Input\\ArgvInput), Object(Symfony\\Component\\Console\\Output\\ConsoleOutput))
#4 /var/www/artisan(35): Illuminate\\Foundation\\Console\\Kernel->handle(Object(Symfony\\Component\\Console\\Input\\ArgvInput), Object(Symfony\\Component\\Console\\Output\\ConsoleOutput))
#5 {main}
"} 
[2025-08-21 01:23:24] local.ERROR: There are no commands defined in the "octane" namespace. {"exception":"[object] (Symfony\\Component\\Console\\Exception\\NamespaceNotFoundException(code: 0): There are no commands defined in the \"octane\" namespace. at /var/www/vendor/symfony/console/Application.php:669)
[stacktrace]
#0 /var/www/vendor/symfony/console/Application.php(720): Symfony\\Component\\Console\\Application->findNamespace('octane')
#1 /var/www/vendor/symfony/console/Application.php(266): Symfony\\Component\\Console\\Application->find('octane:start')
#2 /var/www/vendor/symfony/console/Application.php(175): Symfony\\Component\\Console\\Application->doRun(Object(Symfony\\Component\\Console\\Input\\ArgvInput), Object(Symfony\\Component\\Console\\Output\\ConsoleOutput))
#3 /var/www/vendor/laravel/framework/src/Illuminate/Foundation/Console/Kernel.php(201): Symfony\\Component\\Console\\Application->run(Object(Symfony\\Component\\Console\\Input\\ArgvInput), Object(Symfony\\Component\\Console\\Output\\ConsoleOutput))
#4 /var/www/artisan(35): Illuminate\\Foundation\\Console\\Kernel->handle(Object(Symfony\\Component\\Console\\Input\\ArgvInput), Object(Symfony\\Component\\Console\\Output\\ConsoleOutput))
#5 {main}
"} 
[2025-08-21 01:23:33] local.ERROR: There are no commands defined in the "octane" namespace. {"exception":"[object] (Symfony\\Component\\Console\\Exception\\NamespaceNotFoundException(code: 0): There are no commands defined in the \"octane\" namespace. at /var/www/vendor/symfony/console/Application.php:669)
[stacktrace]
#0 /var/www/vendor/symfony/console/Application.php(720): Symfony\\Component\\Console\\Application->findNamespace('octane')
#1 /var/www/vendor/symfony/console/Application.php(266): Symfony\\Component\\Console\\Application->find('octane:start')
#2 /var/www/vendor/symfony/console/Application.php(175): Symfony\\Component\\Console\\Application->doRun(Object(Symfony\\Component\\Console\\Input\\ArgvInput), Object(Symfony\\Component\\Console\\Output\\ConsoleOutput))
#3 /var/www/vendor/laravel/framework/src/Illuminate/Foundation/Console/Kernel.php(201): Symfony\\Component\\Console\\Application->run(Object(Symfony\\Component\\Console\\Input\\ArgvInput), Object(Symfony\\Component\\Console\\Output\\ConsoleOutput))
#4 /var/www/artisan(35): Illuminate\\Foundation\\Console\\Kernel->handle(Object(Symfony\\Component\\Console\\Input\\ArgvInput), Object(Symfony\\Component\\Console\\Output\\ConsoleOutput))
#5 {main}
"} 
[2025-08-21 01:23:44] local.ERROR: There are no commands defined in the "octane" namespace. {"exception":"[object] (Symfony\\Component\\Console\\Exception\\NamespaceNotFoundException(code: 0): There are no commands defined in the \"octane\" namespace. at /var/www/vendor/symfony/console/Application.php:669)
[stacktrace]
#0 /var/www/vendor/symfony/console/Application.php(720): Symfony\\Component\\Console\\Application->findNamespace('octane')
#1 /var/www/vendor/symfony/console/Application.php(266): Symfony\\Component\\Console\\Application->find('octane:start')
#2 /var/www/vendor/symfony/console/Application.php(175): Symfony\\Component\\Console\\Application->doRun(Object(Symfony\\Component\\Console\\Input\\ArgvInput), Object(Symfony\\Component\\Console\\Output\\ConsoleOutput))
#3 /var/www/vendor/laravel/framework/src/Illuminate/Foundation/Console/Kernel.php(201): Symfony\\Component\\Console\\Application->run(Object(Symfony\\Component\\Console\\Input\\ArgvInput), Object(Symfony\\Component\\Console\\Output\\ConsoleOutput))
#4 /var/www/artisan(35): Illuminate\\Foundation\\Console\\Kernel->handle(Object(Symfony\\Component\\Console\\Input\\ArgvInput), Object(Symfony\\Component\\Console\\Output\\ConsoleOutput))
#5 {main}
"} 
[2025-08-21 01:24:02] local.ERROR: There are no commands defined in the "octane" namespace. {"exception":"[object] (Symfony\\Component\\Console\\Exception\\NamespaceNotFoundException(code: 0): There are no commands defined in the \"octane\" namespace. at /var/www/vendor/symfony/console/Application.php:669)
[stacktrace]
#0 /var/www/vendor/symfony/console/Application.php(720): Symfony\\Component\\Console\\Application->findNamespace('octane')
#1 /var/www/vendor/symfony/console/Application.php(266): Symfony\\Component\\Console\\Application->find('octane:start')
#2 /var/www/vendor/symfony/console/Application.php(175): Symfony\\Component\\Console\\Application->doRun(Object(Symfony\\Component\\Console\\Input\\ArgvInput), Object(Symfony\\Component\\Console\\Output\\ConsoleOutput))
#3 /var/www/vendor/laravel/framework/src/Illuminate/Foundation/Console/Kernel.php(201): Symfony\\Component\\Console\\Application->run(Object(Symfony\\Component\\Console\\Input\\ArgvInput), Object(Symfony\\Component\\Console\\Output\\ConsoleOutput))
#4 /var/www/artisan(35): Illuminate\\Foundation\\Console\\Kernel->handle(Object(Symfony\\Component\\Console\\Input\\ArgvInput), Object(Symfony\\Component\\Console\\Output\\ConsoleOutput))
#5 {main}
"} 
[2025-08-21 01:24:32] local.ERROR: There are no commands defined in the "octane" namespace. {"exception":"[object] (Symfony\\Component\\Console\\Exception\\NamespaceNotFoundException(code: 0): There are no commands defined in the \"octane\" namespace. at /var/www/vendor/symfony/console/Application.php:669)
[stacktrace]
#0 /var/www/vendor/symfony/console/Application.php(720): Symfony\\Component\\Console\\Application->findNamespace('octane')
#1 /var/www/vendor/symfony/console/Application.php(266): Symfony\\Component\\Console\\Application->find('octane:start')
#2 /var/www/vendor/symfony/console/Application.php(175): Symfony\\Component\\Console\\Application->doRun(Object(Symfony\\Component\\Console\\Input\\ArgvInput), Object(Symfony\\Component\\Console\\Output\\ConsoleOutput))
#3 /var/www/vendor/laravel/framework/src/Illuminate/Foundation/Console/Kernel.php(201): Symfony\\Component\\Console\\Application->run(Object(Symfony\\Component\\Console\\Input\\ArgvInput), Object(Symfony\\Component\\Console\\Output\\ConsoleOutput))
#4 /var/www/artisan(35): Illuminate\\Foundation\\Console\\Kernel->handle(Object(Symfony\\Component\\Console\\Input\\ArgvInput), Object(Symfony\\Component\\Console\\Output\\ConsoleOutput))
#5 {main}
"} 
[2025-08-21 01:25:29] local.ERROR: There are no commands defined in the "octane" namespace. {"exception":"[object] (Symfony\\Component\\Console\\Exception\\NamespaceNotFoundException(code: 0): There are no commands defined in the \"octane\" namespace. at /var/www/vendor/symfony/console/Application.php:669)
[stacktrace]
#0 /var/www/vendor/symfony/console/Application.php(720): Symfony\\Component\\Console\\Application->findNamespace('octane')
#1 /var/www/vendor/symfony/console/Application.php(266): Symfony\\Component\\Console\\Application->find('octane:start')
#2 /var/www/vendor/symfony/console/Application.php(175): Symfony\\Component\\Console\\Application->doRun(Object(Symfony\\Component\\Console\\Input\\ArgvInput), Object(Symfony\\Component\\Console\\Output\\ConsoleOutput))
#3 /var/www/vendor/laravel/framework/src/Illuminate/Foundation/Console/Kernel.php(201): Symfony\\Component\\Console\\Application->run(Object(Symfony\\Component\\Console\\Input\\ArgvInput), Object(Symfony\\Component\\Console\\Output\\ConsoleOutput))
#4 /var/www/artisan(35): Illuminate\\Foundation\\Console\\Kernel->handle(Object(Symfony\\Component\\Console\\Input\\ArgvInput), Object(Symfony\\Component\\Console\\Output\\ConsoleOutput))
#5 {main}
"} 
[2025-08-21 01:26:27] local.ERROR: There are no commands defined in the "octane" namespace. {"exception":"[object] (Symfony\\Component\\Console\\Exception\\NamespaceNotFoundException(code: 0): There are no commands defined in the \"octane\" namespace. at /var/www/vendor/symfony/console/Application.php:669)
[stacktrace]
#0 /var/www/vendor/symfony/console/Application.php(720): Symfony\\Component\\Console\\Application->findNamespace('octane')
#1 /var/www/vendor/symfony/console/Application.php(266): Symfony\\Component\\Console\\Application->find('octane:start')
#2 /var/www/vendor/symfony/console/Application.php(175): Symfony\\Component\\Console\\Application->doRun(Object(Symfony\\Component\\Console\\Input\\ArgvInput), Object(Symfony\\Component\\Console\\Output\\ConsoleOutput))
#3 /var/www/vendor/laravel/framework/src/Illuminate/Foundation/Console/Kernel.php(201): Symfony\\Component\\Console\\Application->run(Object(Symfony\\Component\\Console\\Input\\ArgvInput), Object(Symfony\\Component\\Console\\Output\\ConsoleOutput))
#4 /var/www/artisan(35): Illuminate\\Foundation\\Console\\Kernel->handle(Object(Symfony\\Component\\Console\\Input\\ArgvInput), Object(Symfony\\Component\\Console\\Output\\ConsoleOutput))
#5 {main}
"} 
[2025-08-21 01:26:33] local.ERROR: There are no commands defined in the "octane" namespace. {"exception":"[object] (Symfony\\Component\\Console\\Exception\\NamespaceNotFoundException(code: 0): There are no commands defined in the \"octane\" namespace. at /var/www/vendor/symfony/console/Application.php:669)
[stacktrace]
#0 /var/www/vendor/symfony/console/Application.php(720): Symfony\\Component\\Console\\Application->findNamespace('octane')
#1 /var/www/vendor/symfony/console/Application.php(266): Symfony\\Component\\Console\\Application->find('octane:start')
#2 /var/www/vendor/symfony/console/Application.php(175): Symfony\\Component\\Console\\Application->doRun(Object(Symfony\\Component\\Console\\Input\\ArgvInput), Object(Symfony\\Component\\Console\\Output\\ConsoleOutput))
#3 /var/www/vendor/laravel/framework/src/Illuminate/Foundation/Console/Kernel.php(201): Symfony\\Component\\Console\\Application->run(Object(Symfony\\Component\\Console\\Input\\ArgvInput), Object(Symfony\\Component\\Console\\Output\\ConsoleOutput))
#4 /var/www/artisan(35): Illuminate\\Foundation\\Console\\Kernel->handle(Object(Symfony\\Component\\Console\\Input\\ArgvInput), Object(Symfony\\Component\\Console\\Output\\ConsoleOutput))
#5 {main}
"} 
[2025-08-21 01:26:38] local.ERROR: There are no commands defined in the "octane" namespace. {"exception":"[object] (Symfony\\Component\\Console\\Exception\\NamespaceNotFoundException(code: 0): There are no commands defined in the \"octane\" namespace. at /var/www/vendor/symfony/console/Application.php:669)
[stacktrace]
#0 /var/www/vendor/symfony/console/Application.php(720): Symfony\\Component\\Console\\Application->findNamespace('octane')
#1 /var/www/vendor/symfony/console/Application.php(266): Symfony\\Component\\Console\\Application->find('octane:start')
#2 /var/www/vendor/symfony/console/Application.php(175): Symfony\\Component\\Console\\Application->doRun(Object(Symfony\\Component\\Console\\Input\\ArgvInput), Object(Symfony\\Component\\Console\\Output\\ConsoleOutput))
#3 /var/www/vendor/laravel/framework/src/Illuminate/Foundation/Console/Kernel.php(201): Symfony\\Component\\Console\\Application->run(Object(Symfony\\Component\\Console\\Input\\ArgvInput), Object(Symfony\\Component\\Console\\Output\\ConsoleOutput))
#4 /var/www/artisan(35): Illuminate\\Foundation\\Console\\Kernel->handle(Object(Symfony\\Component\\Console\\Input\\ArgvInput), Object(Symfony\\Component\\Console\\Output\\ConsoleOutput))
#5 {main}
"} 
[2025-08-21 01:26:43] local.ERROR: There are no commands defined in the "octane" namespace. {"exception":"[object] (Symfony\\Component\\Console\\Exception\\NamespaceNotFoundException(code: 0): There are no commands defined in the \"octane\" namespace. at /var/www/vendor/symfony/console/Application.php:669)
[stacktrace]
#0 /var/www/vendor/symfony/console/Application.php(720): Symfony\\Component\\Console\\Application->findNamespace('octane')
#1 /var/www/vendor/symfony/console/Application.php(266): Symfony\\Component\\Console\\Application->find('octane:start')
#2 /var/www/vendor/symfony/console/Application.php(175): Symfony\\Component\\Console\\Application->doRun(Object(Symfony\\Component\\Console\\Input\\ArgvInput), Object(Symfony\\Component\\Console\\Output\\ConsoleOutput))
#3 /var/www/vendor/laravel/framework/src/Illuminate/Foundation/Console/Kernel.php(201): Symfony\\Component\\Console\\Application->run(Object(Symfony\\Component\\Console\\Input\\ArgvInput), Object(Symfony\\Component\\Console\\Output\\ConsoleOutput))
#4 /var/www/artisan(35): Illuminate\\Foundation\\Console\\Kernel->handle(Object(Symfony\\Component\\Console\\Input\\ArgvInput), Object(Symfony\\Component\\Console\\Output\\ConsoleOutput))
#5 {main}
"} 
[2025-08-21 01:26:49] local.ERROR: There are no commands defined in the "octane" namespace. {"exception":"[object] (Symfony\\Component\\Console\\Exception\\NamespaceNotFoundException(code: 0): There are no commands defined in the \"octane\" namespace. at /var/www/vendor/symfony/console/Application.php:669)
[stacktrace]
#0 /var/www/vendor/symfony/console/Application.php(720): Symfony\\Component\\Console\\Application->findNamespace('octane')
#1 /var/www/vendor/symfony/console/Application.php(266): Symfony\\Component\\Console\\Application->find('octane:start')
#2 /var/www/vendor/symfony/console/Application.php(175): Symfony\\Component\\Console\\Application->doRun(Object(Symfony\\Component\\Console\\Input\\ArgvInput), Object(Symfony\\Component\\Console\\Output\\ConsoleOutput))
#3 /var/www/vendor/laravel/framework/src/Illuminate/Foundation/Console/Kernel.php(201): Symfony\\Component\\Console\\Application->run(Object(Symfony\\Component\\Console\\Input\\ArgvInput), Object(Symfony\\Component\\Console\\Output\\ConsoleOutput))
#4 /var/www/artisan(35): Illuminate\\Foundation\\Console\\Kernel->handle(Object(Symfony\\Component\\Console\\Input\\ArgvInput), Object(Symfony\\Component\\Console\\Output\\ConsoleOutput))
#5 {main}
"} 
[2025-08-21 01:26:56] local.ERROR: There are no commands defined in the "octane" namespace. {"exception":"[object] (Symfony\\Component\\Console\\Exception\\NamespaceNotFoundException(code: 0): There are no commands defined in the \"octane\" namespace. at /var/www/vendor/symfony/console/Application.php:669)
[stacktrace]
#0 /var/www/vendor/symfony/console/Application.php(720): Symfony\\Component\\Console\\Application->findNamespace('octane')
#1 /var/www/vendor/symfony/console/Application.php(266): Symfony\\Component\\Console\\Application->find('octane:start')
#2 /var/www/vendor/symfony/console/Application.php(175): Symfony\\Component\\Console\\Application->doRun(Object(Symfony\\Component\\Console\\Input\\ArgvInput), Object(Symfony\\Component\\Console\\Output\\ConsoleOutput))
#3 /var/www/vendor/laravel/framework/src/Illuminate/Foundation/Console/Kernel.php(201): Symfony\\Component\\Console\\Application->run(Object(Symfony\\Component\\Console\\Input\\ArgvInput), Object(Symfony\\Component\\Console\\Output\\ConsoleOutput))
#4 /var/www/artisan(35): Illuminate\\Foundation\\Console\\Kernel->handle(Object(Symfony\\Component\\Console\\Input\\ArgvInput), Object(Symfony\\Component\\Console\\Output\\ConsoleOutput))
#5 {main}
"} 
[2025-08-21 01:27:05] local.ERROR: There are no commands defined in the "octane" namespace. {"exception":"[object] (Symfony\\Component\\Console\\Exception\\NamespaceNotFoundException(code: 0): There are no commands defined in the \"octane\" namespace. at /var/www/vendor/symfony/console/Application.php:669)
[stacktrace]
#0 /var/www/vendor/symfony/console/Application.php(720): Symfony\\Component\\Console\\Application->findNamespace('octane')
#1 /var/www/vendor/symfony/console/Application.php(266): Symfony\\Component\\Console\\Application->find('octane:start')
#2 /var/www/vendor/symfony/console/Application.php(175): Symfony\\Component\\Console\\Application->doRun(Object(Symfony\\Component\\Console\\Input\\ArgvInput), Object(Symfony\\Component\\Console\\Output\\ConsoleOutput))
#3 /var/www/vendor/laravel/framework/src/Illuminate/Foundation/Console/Kernel.php(201): Symfony\\Component\\Console\\Application->run(Object(Symfony\\Component\\Console\\Input\\ArgvInput), Object(Symfony\\Component\\Console\\Output\\ConsoleOutput))
#4 /var/www/artisan(35): Illuminate\\Foundation\\Console\\Kernel->handle(Object(Symfony\\Component\\Console\\Input\\ArgvInput), Object(Symfony\\Component\\Console\\Output\\ConsoleOutput))
#5 {main}
"} 
[2025-08-21 01:27:17] local.ERROR: There are no commands defined in the "octane" namespace. {"exception":"[object] (Symfony\\Component\\Console\\Exception\\NamespaceNotFoundException(code: 0): There are no commands defined in the \"octane\" namespace. at /var/www/vendor/symfony/console/Application.php:669)
[stacktrace]
#0 /var/www/vendor/symfony/console/Application.php(720): Symfony\\Component\\Console\\Application->findNamespace('octane')
#1 /var/www/vendor/symfony/console/Application.php(266): Symfony\\Component\\Console\\Application->find('octane:start')
#2 /var/www/vendor/symfony/console/Application.php(175): Symfony\\Component\\Console\\Application->doRun(Object(Symfony\\Component\\Console\\Input\\ArgvInput), Object(Symfony\\Component\\Console\\Output\\ConsoleOutput))
#3 /var/www/vendor/laravel/framework/src/Illuminate/Foundation/Console/Kernel.php(201): Symfony\\Component\\Console\\Application->run(Object(Symfony\\Component\\Console\\Input\\ArgvInput), Object(Symfony\\Component\\Console\\Output\\ConsoleOutput))
#4 /var/www/artisan(35): Illuminate\\Foundation\\Console\\Kernel->handle(Object(Symfony\\Component\\Console\\Input\\ArgvInput), Object(Symfony\\Component\\Console\\Output\\ConsoleOutput))
#5 {main}
"} 
[2025-08-21 01:27:34] local.ERROR: There are no commands defined in the "octane" namespace. {"exception":"[object] (Symfony\\Component\\Console\\Exception\\NamespaceNotFoundException(code: 0): There are no commands defined in the \"octane\" namespace. at /var/www/vendor/symfony/console/Application.php:669)
[stacktrace]
#0 /var/www/vendor/symfony/console/Application.php(720): Symfony\\Component\\Console\\Application->findNamespace('octane')
#1 /var/www/vendor/symfony/console/Application.php(266): Symfony\\Component\\Console\\Application->find('octane:start')
#2 /var/www/vendor/symfony/console/Application.php(175): Symfony\\Component\\Console\\Application->doRun(Object(Symfony\\Component\\Console\\Input\\ArgvInput), Object(Symfony\\Component\\Console\\Output\\ConsoleOutput))
#3 /var/www/vendor/laravel/framework/src/Illuminate/Foundation/Console/Kernel.php(201): Symfony\\Component\\Console\\Application->run(Object(Symfony\\Component\\Console\\Input\\ArgvInput), Object(Symfony\\Component\\Console\\Output\\ConsoleOutput))
#4 /var/www/artisan(35): Illuminate\\Foundation\\Console\\Kernel->handle(Object(Symfony\\Component\\Console\\Input\\ArgvInput), Object(Symfony\\Component\\Console\\Output\\ConsoleOutput))
#5 {main}
"} 
[2025-08-21 01:28:04] local.ERROR: There are no commands defined in the "octane" namespace. {"exception":"[object] (Symfony\\Component\\Console\\Exception\\NamespaceNotFoundException(code: 0): There are no commands defined in the \"octane\" namespace. at /var/www/vendor/symfony/console/Application.php:669)
[stacktrace]
#0 /var/www/vendor/symfony/console/Application.php(720): Symfony\\Component\\Console\\Application->findNamespace('octane')
#1 /var/www/vendor/symfony/console/Application.php(266): Symfony\\Component\\Console\\Application->find('octane:start')
#2 /var/www/vendor/symfony/console/Application.php(175): Symfony\\Component\\Console\\Application->doRun(Object(Symfony\\Component\\Console\\Input\\ArgvInput), Object(Symfony\\Component\\Console\\Output\\ConsoleOutput))
#3 /var/www/vendor/laravel/framework/src/Illuminate/Foundation/Console/Kernel.php(201): Symfony\\Component\\Console\\Application->run(Object(Symfony\\Component\\Console\\Input\\ArgvInput), Object(Symfony\\Component\\Console\\Output\\ConsoleOutput))
#4 /var/www/artisan(35): Illuminate\\Foundation\\Console\\Kernel->handle(Object(Symfony\\Component\\Console\\Input\\ArgvInput), Object(Symfony\\Component\\Console\\Output\\ConsoleOutput))
#5 {main}
"} 
[2025-08-21 01:28:59] local.ERROR: There are no commands defined in the "octane" namespace. {"exception":"[object] (Symfony\\Component\\Console\\Exception\\NamespaceNotFoundException(code: 0): There are no commands defined in the \"octane\" namespace. at /var/www/vendor/symfony/console/Application.php:669)
[stacktrace]
#0 /var/www/vendor/symfony/console/Application.php(720): Symfony\\Component\\Console\\Application->findNamespace('octane')
#1 /var/www/vendor/symfony/console/Application.php(266): Symfony\\Component\\Console\\Application->find('octane:start')
#2 /var/www/vendor/symfony/console/Application.php(175): Symfony\\Component\\Console\\Application->doRun(Object(Symfony\\Component\\Console\\Input\\ArgvInput), Object(Symfony\\Component\\Console\\Output\\ConsoleOutput))
#3 /var/www/vendor/laravel/framework/src/Illuminate/Foundation/Console/Kernel.php(201): Symfony\\Component\\Console\\Application->run(Object(Symfony\\Component\\Console\\Input\\ArgvInput), Object(Symfony\\Component\\Console\\Output\\ConsoleOutput))
#4 /var/www/artisan(35): Illuminate\\Foundation\\Console\\Kernel->handle(Object(Symfony\\Component\\Console\\Input\\ArgvInput), Object(Symfony\\Component\\Console\\Output\\ConsoleOutput))
#5 {main}
"} 
[2025-08-21 01:30:05] local.ERROR: There are no commands defined in the "octane" namespace. {"exception":"[object] (Symfony\\Component\\Console\\Exception\\NamespaceNotFoundException(code: 0): There are no commands defined in the \"octane\" namespace. at /var/www/vendor/symfony/console/Application.php:669)
[stacktrace]
#0 /var/www/vendor/symfony/console/Application.php(720): Symfony\\Component\\Console\\Application->findNamespace('octane')
#1 /var/www/vendor/symfony/console/Application.php(266): Symfony\\Component\\Console\\Application->find('octane:start')
#2 /var/www/vendor/symfony/console/Application.php(175): Symfony\\Component\\Console\\Application->doRun(Object(Symfony\\Component\\Console\\Input\\ArgvInput), Object(Symfony\\Component\\Console\\Output\\ConsoleOutput))
#3 /var/www/vendor/laravel/framework/src/Illuminate/Foundation/Console/Kernel.php(201): Symfony\\Component\\Console\\Application->run(Object(Symfony\\Component\\Console\\Input\\ArgvInput), Object(Symfony\\Component\\Console\\Output\\ConsoleOutput))
#4 /var/www/artisan(35): Illuminate\\Foundation\\Console\\Kernel->handle(Object(Symfony\\Component\\Console\\Input\\ArgvInput), Object(Symfony\\Component\\Console\\Output\\ConsoleOutput))
#5 {main}
"} 
[2025-08-21 01:31:09] local.ERROR: There are no commands defined in the "octane" namespace. {"exception":"[object] (Symfony\\Component\\Console\\Exception\\NamespaceNotFoundException(code: 0): There are no commands defined in the \"octane\" namespace. at /var/www/vendor/symfony/console/Application.php:669)
[stacktrace]
#0 /var/www/vendor/symfony/console/Application.php(720): Symfony\\Component\\Console\\Application->findNamespace('octane')
#1 /var/www/vendor/symfony/console/Application.php(266): Symfony\\Component\\Console\\Application->find('octane:start')
#2 /var/www/vendor/symfony/console/Application.php(175): Symfony\\Component\\Console\\Application->doRun(Object(Symfony\\Component\\Console\\Input\\ArgvInput), Object(Symfony\\Component\\Console\\Output\\ConsoleOutput))
#3 /var/www/vendor/laravel/framework/src/Illuminate/Foundation/Console/Kernel.php(201): Symfony\\Component\\Console\\Application->run(Object(Symfony\\Component\\Console\\Input\\ArgvInput), Object(Symfony\\Component\\Console\\Output\\ConsoleOutput))
#4 /var/www/artisan(35): Illuminate\\Foundation\\Console\\Kernel->handle(Object(Symfony\\Component\\Console\\Input\\ArgvInput), Object(Symfony\\Component\\Console\\Output\\ConsoleOutput))
#5 {main}
"} 
